<?xml version="1.0" encoding="UTF-8"?>
<!-- Generated by org.testng.reporters.JUnitReportReporter -->
<testsuite hostname="DESKTOP-DKVA2FM" failures="0" tests="1" name="com.omayo.testCases.TC_LoginTest_001" time="2.874" errors="0" timestamp="2023-10-22T17:34:31 IST" skipped="0">
  <testcase classname="com.omayo.testCases.TC_LoginTest_001" name="loginTest" time="2.874"/>
  <system-out/>
</testsuite> <!-- com.omayo.testCases.TC_LoginTest_001 -->
